2012-05-16 23:55:24 Error: [MissingActionException] Action ProductosController::images() could not be found.
#0 C:\David\xampp\htdocs\WEB-PAN-PHP\lib\Cake\Routing\Dispatcher.php(103): Controller->invokeAction(Object(CakeRequest))
#1 C:\David\xampp\htdocs\WEB-PAN-PHP\lib\Cake\Routing\Dispatcher.php(85): Dispatcher->_invoke(Object(ProductosController), Object(CakeRequest), Object(CakeResponse))
#2 C:\David\xampp\htdocs\WEB-PAN-PHP\app\webroot\index.php(92): Dispatcher->dispatch(Object(CakeRequest), Object(CakeResponse))
#3 {main}
2012-05-16 23:55:24 Error: [MissingActionException] Action ProductosController::inc() could not be found.
#0 C:\David\xampp\htdocs\WEB-PAN-PHP\lib\Cake\Routing\Dispatcher.php(103): Controller->invokeAction(Object(CakeRequest))
#1 C:\David\xampp\htdocs\WEB-PAN-PHP\lib\Cake\Routing\Dispatcher.php(85): Dispatcher->_invoke(Object(ProductosController), Object(CakeRequest), Object(CakeResponse))
#2 C:\David\xampp\htdocs\WEB-PAN-PHP\app\webroot\index.php(92): Dispatcher->dispatch(Object(CakeRequest), Object(CakeResponse))
#3 {main}
2012-05-16 23:55:24 Error: [MissingActionException] Action ProductosController::inc() could not be found.
#0 C:\David\xampp\htdocs\WEB-PAN-PHP\lib\Cake\Routing\Dispatcher.php(103): Controller->invokeAction(Object(CakeRequest))
#1 C:\David\xampp\htdocs\WEB-PAN-PHP\lib\Cake\Routing\Dispatcher.php(85): Dispatcher->_invoke(Object(ProductosController), Object(CakeRequest), Object(CakeResponse))
#2 C:\David\xampp\htdocs\WEB-PAN-PHP\app\webroot\index.php(92): Dispatcher->dispatch(Object(CakeRequest), Object(CakeResponse))
#3 {main}
2012-05-16 23:55:24 Error: [MissingActionException] Action ProductosController::inc() could not be found.
#0 C:\David\xampp\htdocs\WEB-PAN-PHP\lib\Cake\Routing\Dispatcher.php(103): Controller->invokeAction(Object(CakeRequest))
#1 C:\David\xampp\htdocs\WEB-PAN-PHP\lib\Cake\Routing\Dispatcher.php(85): Dispatcher->_invoke(Object(ProductosController), Object(CakeRequest), Object(CakeResponse))
#2 C:\David\xampp\htdocs\WEB-PAN-PHP\app\webroot\index.php(92): Dispatcher->dispatch(Object(CakeRequest), Object(CakeResponse))
#3 {main}
2012-05-16 23:55:24 Error: [MissingActionException] Action ProductosController::images() could not be found.
#0 C:\David\xampp\htdocs\WEB-PAN-PHP\lib\Cake\Routing\Dispatcher.php(103): Controller->invokeAction(Object(CakeRequest))
#1 C:\David\xampp\htdocs\WEB-PAN-PHP\lib\Cake\Routing\Dispatcher.php(85): Dispatcher->_invoke(Object(ProductosController), Object(CakeRequest), Object(CakeResponse))
#2 C:\David\xampp\htdocs\WEB-PAN-PHP\app\webroot\index.php(92): Dispatcher->dispatch(Object(CakeRequest), Object(CakeResponse))
#3 {main}
2012-05-16 23:55:24 Error: [MissingActionException] Action ProductosController::inc() could not be found.
#0 C:\David\xampp\htdocs\WEB-PAN-PHP\lib\Cake\Routing\Dispatcher.php(103): Controller->invokeAction(Object(CakeRequest))
#1 C:\David\xampp\htdocs\WEB-PAN-PHP\lib\Cake\Routing\Dispatcher.php(85): Dispatcher->_invoke(Object(ProductosController), Object(CakeRequest), Object(CakeResponse))
#2 C:\David\xampp\htdocs\WEB-PAN-PHP\app\webroot\index.php(92): Dispatcher->dispatch(Object(CakeRequest), Object(CakeResponse))
#3 {main}
2012-05-16 23:55:24 Error: [MissingActionException] Action ProductosController::images() could not be found.
#0 C:\David\xampp\htdocs\WEB-PAN-PHP\lib\Cake\Routing\Dispatcher.php(103): Controller->invokeAction(Object(CakeRequest))
#1 C:\David\xampp\htdocs\WEB-PAN-PHP\lib\Cake\Routing\Dispatcher.php(85): Dispatcher->_invoke(Object(ProductosController), Object(CakeRequest), Object(CakeResponse))
#2 C:\David\xampp\htdocs\WEB-PAN-PHP\app\webroot\index.php(92): Dispatcher->dispatch(Object(CakeRequest), Object(CakeResponse))
#3 {main}
2012-05-16 23:55:24 Error: [MissingActionException] Action ProductosController::inc() could not be found.
#0 C:\David\xampp\htdocs\WEB-PAN-PHP\lib\Cake\Routing\Dispatcher.php(103): Controller->invokeAction(Object(CakeRequest))
#1 C:\David\xampp\htdocs\WEB-PAN-PHP\lib\Cake\Routing\Dispatcher.php(85): Dispatcher->_invoke(Object(ProductosController), Object(CakeRequest), Object(CakeResponse))
#2 C:\David\xampp\htdocs\WEB-PAN-PHP\app\webroot\index.php(92): Dispatcher->dispatch(Object(CakeRequest), Object(CakeResponse))
#3 {main}
2012-05-16 23:55:24 Error: [MissingActionException] Action ProductosController::images() could not be found.
#0 C:\David\xampp\htdocs\WEB-PAN-PHP\lib\Cake\Routing\Dispatcher.php(103): Controller->invokeAction(Object(CakeRequest))
#1 C:\David\xampp\htdocs\WEB-PAN-PHP\lib\Cake\Routing\Dispatcher.php(85): Dispatcher->_invoke(Object(ProductosController), Object(CakeRequest), Object(CakeResponse))
#2 C:\David\xampp\htdocs\WEB-PAN-PHP\app\webroot\index.php(92): Dispatcher->dispatch(Object(CakeRequest), Object(CakeResponse))
#3 {main}
2012-05-16 23:55:24 Error: [MissingActionException] Action ProductosController::images() could not be found.
#0 C:\David\xampp\htdocs\WEB-PAN-PHP\lib\Cake\Routing\Dispatcher.php(103): Controller->invokeAction(Object(CakeRequest))
#1 C:\David\xampp\htdocs\WEB-PAN-PHP\lib\Cake\Routing\Dispatcher.php(85): Dispatcher->_invoke(Object(ProductosController), Object(CakeRequest), Object(CakeResponse))
#2 C:\David\xampp\htdocs\WEB-PAN-PHP\app\webroot\index.php(92): Dispatcher->dispatch(Object(CakeRequest), Object(CakeResponse))
#3 {main}
2012-05-16 23:55:24 Error: [MissingActionException] Action ProductosController::images() could not be found.
#0 C:\David\xampp\htdocs\WEB-PAN-PHP\lib\Cake\Routing\Dispatcher.php(103): Controller->invokeAction(Object(CakeRequest))
#1 C:\David\xampp\htdocs\WEB-PAN-PHP\lib\Cake\Routing\Dispatcher.php(85): Dispatcher->_invoke(Object(ProductosController), Object(CakeRequest), Object(CakeResponse))
#2 C:\David\xampp\htdocs\WEB-PAN-PHP\app\webroot\index.php(92): Dispatcher->dispatch(Object(CakeRequest), Object(CakeResponse))
#3 {main}
2012-05-16 23:55:24 Error: [MissingActionException] Action ProductosController::images() could not be found.
#0 C:\David\xampp\htdocs\WEB-PAN-PHP\lib\Cake\Routing\Dispatcher.php(103): Controller->invokeAction(Object(CakeRequest))
#1 C:\David\xampp\htdocs\WEB-PAN-PHP\lib\Cake\Routing\Dispatcher.php(85): Dispatcher->_invoke(Object(ProductosController), Object(CakeRequest), Object(CakeResponse))
#2 C:\David\xampp\htdocs\WEB-PAN-PHP\app\webroot\index.php(92): Dispatcher->dispatch(Object(CakeRequest), Object(CakeResponse))
#3 {main}
2012-05-16 23:55:25 Error: [MissingActionException] Action ProductosController::images() could not be found.
#0 C:\David\xampp\htdocs\WEB-PAN-PHP\lib\Cake\Routing\Dispatcher.php(103): Controller->invokeAction(Object(CakeRequest))
#1 C:\David\xampp\htdocs\WEB-PAN-PHP\lib\Cake\Routing\Dispatcher.php(85): Dispatcher->_invoke(Object(ProductosController), Object(CakeRequest), Object(CakeResponse))
#2 C:\David\xampp\htdocs\WEB-PAN-PHP\app\webroot\index.php(92): Dispatcher->dispatch(Object(CakeRequest), Object(CakeResponse))
#3 {main}
2012-05-17 18:51:39 Error: [MissingControllerException] Controller class ImagesController could not be found.
#0 C:\David\xampp\htdocs\WEB-PAN-PHP\app\webroot\index.php(92): Dispatcher->dispatch(Object(CakeRequest), Object(CakeResponse))
#1 {main}
2012-05-17 18:53:18 Error: [MissingControllerException] Controller class ImagesController could not be found.
#0 C:\David\xampp\htdocs\WEB-PAN-PHP\app\webroot\index.php(92): Dispatcher->dispatch(Object(CakeRequest), Object(CakeResponse))
#1 {main}
2012-05-17 18:53:19 Error: [MissingControllerException] Controller class ImagesController could not be found.
#0 C:\David\xampp\htdocs\WEB-PAN-PHP\app\webroot\index.php(92): Dispatcher->dispatch(Object(CakeRequest), Object(CakeResponse))
#1 {main}
2012-05-17 18:53:22 Error: [MissingControllerException] Controller class ImagesController could not be found.
#0 C:\David\xampp\htdocs\WEB-PAN-PHP\app\webroot\index.php(92): Dispatcher->dispatch(Object(CakeRequest), Object(CakeResponse))
#1 {main}
2012-05-17 18:53:22 Error: [MissingControllerException] Controller class ImagesController could not be found.
#0 C:\David\xampp\htdocs\WEB-PAN-PHP\app\webroot\index.php(92): Dispatcher->dispatch(Object(CakeRequest), Object(CakeResponse))
#1 {main}
2012-05-17 18:53:48 Error: [MissingControllerException] Controller class ImagesController could not be found.
#0 C:\David\xampp\htdocs\WEB-PAN-PHP\app\webroot\index.php(92): Dispatcher->dispatch(Object(CakeRequest), Object(CakeResponse))
#1 {main}
2012-05-17 18:53:49 Error: [MissingControllerException] Controller class ImagesController could not be found.
#0 C:\David\xampp\htdocs\WEB-PAN-PHP\app\webroot\index.php(92): Dispatcher->dispatch(Object(CakeRequest), Object(CakeResponse))
#1 {main}
2012-05-17 18:53:55 Error: [MissingControllerException] Controller class ImagesController could not be found.
#0 C:\David\xampp\htdocs\WEB-PAN-PHP\app\webroot\index.php(92): Dispatcher->dispatch(Object(CakeRequest), Object(CakeResponse))
#1 {main}
2012-05-17 18:53:56 Error: [MissingControllerException] Controller class ImagesController could not be found.
#0 C:\David\xampp\htdocs\WEB-PAN-PHP\app\webroot\index.php(92): Dispatcher->dispatch(Object(CakeRequest), Object(CakeResponse))
#1 {main}
2012-05-17 18:53:56 Error: [MissingControllerException] Controller class ImagesController could not be found.
#0 C:\David\xampp\htdocs\WEB-PAN-PHP\app\webroot\index.php(92): Dispatcher->dispatch(Object(CakeRequest), Object(CakeResponse))
#1 {main}
2012-05-17 18:54:51 Error: [MissingControllerException] Controller class CssController could not be found.
#0 C:\David\xampp\htdocs\WEB-PAN-PHP\app\webroot\index.php(92): Dispatcher->dispatch(Object(CakeRequest), Object(CakeResponse))
#1 {main}
2012-05-17 18:54:52 Error: [MissingControllerException] Controller class CssController could not be found.
#0 C:\David\xampp\htdocs\WEB-PAN-PHP\app\webroot\index.php(92): Dispatcher->dispatch(Object(CakeRequest), Object(CakeResponse))
#1 {main}
2012-05-17 18:54:52 Error: [MissingControllerException] Controller class CssController could not be found.
#0 C:\David\xampp\htdocs\WEB-PAN-PHP\app\webroot\index.php(92): Dispatcher->dispatch(Object(CakeRequest), Object(CakeResponse))
#1 {main}
2012-05-17 18:54:53 Error: [MissingControllerException] Controller class CssController could not be found.
#0 C:\David\xampp\htdocs\WEB-PAN-PHP\app\webroot\index.php(92): Dispatcher->dispatch(Object(CakeRequest), Object(CakeResponse))
#1 {main}
2012-05-17 18:54:53 Error: [MissingControllerException] Controller class CssController could not be found.
#0 C:\David\xampp\htdocs\WEB-PAN-PHP\app\webroot\index.php(92): Dispatcher->dispatch(Object(CakeRequest), Object(CakeResponse))
#1 {main}
2012-05-17 18:55:34 Error: [MissingControllerException] Controller class CssController could not be found.
#0 C:\David\xampp\htdocs\WEB-PAN-PHP\app\webroot\index.php(92): Dispatcher->dispatch(Object(CakeRequest), Object(CakeResponse))
#1 {main}
2012-05-17 18:55:35 Error: [MissingControllerException] Controller class CssController could not be found.
#0 C:\David\xampp\htdocs\WEB-PAN-PHP\app\webroot\index.php(92): Dispatcher->dispatch(Object(CakeRequest), Object(CakeResponse))
#1 {main}
2012-05-17 18:55:36 Error: [MissingControllerException] Controller class CssController could not be found.
#0 C:\David\xampp\htdocs\WEB-PAN-PHP\app\webroot\index.php(92): Dispatcher->dispatch(Object(CakeRequest), Object(CakeResponse))
#1 {main}
2012-05-17 18:55:36 Error: [MissingControllerException] Controller class CssController could not be found.
#0 C:\David\xampp\htdocs\WEB-PAN-PHP\app\webroot\index.php(92): Dispatcher->dispatch(Object(CakeRequest), Object(CakeResponse))
#1 {main}
2012-05-17 18:55:36 Error: [MissingControllerException] Controller class CssController could not be found.
#0 C:\David\xampp\htdocs\WEB-PAN-PHP\app\webroot\index.php(92): Dispatcher->dispatch(Object(CakeRequest), Object(CakeResponse))
#1 {main}
2012-05-17 18:56:01 Error: [MissingControllerException] Controller class CssController could not be found.
#0 C:\David\xampp\htdocs\WEB-PAN-PHP\app\webroot\index.php(92): Dispatcher->dispatch(Object(CakeRequest), Object(CakeResponse))
#1 {main}
2012-05-17 18:56:01 Error: [MissingControllerException] Controller class CssController could not be found.
#0 C:\David\xampp\htdocs\WEB-PAN-PHP\app\webroot\index.php(92): Dispatcher->dispatch(Object(CakeRequest), Object(CakeResponse))
#1 {main}
2012-05-17 18:58:50 Error: [MissingControllerException] Controller class CssController could not be found.
#0 C:\David\xampp\htdocs\WEB-PAN-PHP\app\webroot\index.php(92): Dispatcher->dispatch(Object(CakeRequest), Object(CakeResponse))
#1 {main}
2012-05-22 15:25:24 Error: [MissingControllerException] Controller class ImagesController could not be found.
#0 C:\David\xampp\htdocs\WEB-PAN-PHP\app\webroot\index.php(92): Dispatcher->dispatch(Object(CakeRequest), Object(CakeResponse))
#1 {main}
2012-05-22 15:25:34 Error: [MissingActionException] Action ProductosController::index.php() could not be found.
#0 C:\David\xampp\htdocs\WEB-PAN-PHP\lib\Cake\Routing\Dispatcher.php(103): Controller->invokeAction(Object(CakeRequest))
#1 C:\David\xampp\htdocs\WEB-PAN-PHP\lib\Cake\Routing\Dispatcher.php(85): Dispatcher->_invoke(Object(ProductosController), Object(CakeRequest), Object(CakeResponse))
#2 C:\David\xampp\htdocs\WEB-PAN-PHP\app\webroot\index.php(92): Dispatcher->dispatch(Object(CakeRequest), Object(CakeResponse))
#3 {main}
2012-05-22 15:25:34 Error: [MissingActionException] Action ProductosController::images() could not be found.
#0 C:\David\xampp\htdocs\WEB-PAN-PHP\lib\Cake\Routing\Dispatcher.php(103): Controller->invokeAction(Object(CakeRequest))
#1 C:\David\xampp\htdocs\WEB-PAN-PHP\lib\Cake\Routing\Dispatcher.php(85): Dispatcher->_invoke(Object(ProductosController), Object(CakeRequest), Object(CakeResponse))
#2 C:\David\xampp\htdocs\WEB-PAN-PHP\app\webroot\index.php(92): Dispatcher->dispatch(Object(CakeRequest), Object(CakeResponse))
#3 {main}
2012-05-22 15:25:34 Error: [MissingControllerException] Controller class ImagesController could not be found.
#0 C:\David\xampp\htdocs\WEB-PAN-PHP\app\webroot\index.php(92): Dispatcher->dispatch(Object(CakeRequest), Object(CakeResponse))
#1 {main}
2012-05-22 15:25:50 Error: [MissingControllerException] Controller class ImagesController could not be found.
#0 C:\David\xampp\htdocs\WEB-PAN-PHP\app\webroot\index.php(92): Dispatcher->dispatch(Object(CakeRequest), Object(CakeResponse))
#1 {main}
2012-05-22 15:25:50 Error: [MissingControllerException] Controller class ImagesController could not be found.
#0 C:\David\xampp\htdocs\WEB-PAN-PHP\app\webroot\index.php(92): Dispatcher->dispatch(Object(CakeRequest), Object(CakeResponse))
#1 {main}
2012-05-22 15:25:52 Error: [MissingControllerException] Controller class ImagesController could not be found.
#0 C:\David\xampp\htdocs\WEB-PAN-PHP\app\webroot\index.php(92): Dispatcher->dispatch(Object(CakeRequest), Object(CakeResponse))
#1 {main}
2012-05-22 15:25:52 Error: [MissingControllerException] Controller class ImagesController could not be found.
#0 C:\David\xampp\htdocs\WEB-PAN-PHP\app\webroot\index.php(92): Dispatcher->dispatch(Object(CakeRequest), Object(CakeResponse))
#1 {main}
2012-05-22 15:28:45 Error: [MissingControllerException] Controller class ImagesController could not be found.
#0 C:\David\xampp\htdocs\WEB-PAN-PHP\app\webroot\index.php(92): Dispatcher->dispatch(Object(CakeRequest), Object(CakeResponse))
#1 {main}
2012-05-22 15:28:45 Error: [MissingControllerException] Controller class ImagesController could not be found.
#0 C:\David\xampp\htdocs\WEB-PAN-PHP\app\webroot\index.php(92): Dispatcher->dispatch(Object(CakeRequest), Object(CakeResponse))
#1 {main}
2012-05-22 15:43:47 Error: [MissingControllerException] Controller class ImagesController could not be found.
#0 C:\David\xampp\htdocs\WEB-PAN-PHP\app\webroot\index.php(92): Dispatcher->dispatch(Object(CakeRequest), Object(CakeResponse))
#1 {main}
2012-05-22 15:43:49 Error: [MissingControllerException] Controller class ImagesController could not be found.
#0 C:\David\xampp\htdocs\WEB-PAN-PHP\app\webroot\index.php(92): Dispatcher->dispatch(Object(CakeRequest), Object(CakeResponse))
#1 {main}
2012-05-22 15:43:49 Error: [MissingControllerException] Controller class ImagesController could not be found.
#0 C:\David\xampp\htdocs\WEB-PAN-PHP\app\webroot\index.php(92): Dispatcher->dispatch(Object(CakeRequest), Object(CakeResponse))
#1 {main}
2012-05-22 15:43:49 Error: [MissingControllerException] Controller class ImagesController could not be found.
#0 C:\David\xampp\htdocs\WEB-PAN-PHP\app\webroot\index.php(92): Dispatcher->dispatch(Object(CakeRequest), Object(CakeResponse))
#1 {main}
2012-05-22 15:46:23 Error: [MissingControllerException] Controller class ImagesController could not be found.
#0 C:\David\xampp\htdocs\WEB-PAN-PHP\app\webroot\index.php(92): Dispatcher->dispatch(Object(CakeRequest), Object(CakeResponse))
#1 {main}
2012-05-22 15:47:13 Error: [MissingControllerException] Controller class ImagesController could not be found.
#0 C:\David\xampp\htdocs\WEB-PAN-PHP\app\webroot\index.php(92): Dispatcher->dispatch(Object(CakeRequest), Object(CakeResponse))
#1 {main}
2012-05-22 15:47:13 Error: [MissingControllerException] Controller class ImagesController could not be found.
#0 C:\David\xampp\htdocs\WEB-PAN-PHP\app\webroot\index.php(92): Dispatcher->dispatch(Object(CakeRequest), Object(CakeResponse))
#1 {main}
2012-05-22 15:48:21 Error: [MissingControllerException] Controller class ImagesController could not be found.
#0 C:\David\xampp\htdocs\WEB-PAN-PHP\app\webroot\index.php(92): Dispatcher->dispatch(Object(CakeRequest), Object(CakeResponse))
#1 {main}
2012-05-22 16:10:36 Error: [MissingControllerException] Controller class ImagesController could not be found.
#0 C:\David\xampp\htdocs\WEB-PAN-PHP\app\webroot\index.php(92): Dispatcher->dispatch(Object(CakeRequest), Object(CakeResponse))
#1 {main}
2012-05-22 16:52:03 Error: [MissingControllerException] Controller class EmpresaController could not be found.
#0 C:\David\xampp\htdocs\WEB-PAN-PHP\app\webroot\index.php(92): Dispatcher->dispatch(Object(CakeRequest), Object(CakeResponse))
#1 {main}
2012-05-22 16:52:31 Error: [MissingActionException] Action ProductosController::empresa.php() could not be found.
#0 C:\David\xampp\htdocs\WEB-PAN-PHP\lib\Cake\Routing\Dispatcher.php(103): Controller->invokeAction(Object(CakeRequest))
#1 C:\David\xampp\htdocs\WEB-PAN-PHP\lib\Cake\Routing\Dispatcher.php(85): Dispatcher->_invoke(Object(ProductosController), Object(CakeRequest), Object(CakeResponse))
#2 C:\David\xampp\htdocs\WEB-PAN-PHP\app\webroot\index.php(92): Dispatcher->dispatch(Object(CakeRequest), Object(CakeResponse))
#3 {main}
2012-05-22 16:57:55 Error: [MissingControllerException] Controller class ProductosController could not be found.
#0 C:\David\xampp\htdocs\WEB-PAN-PHP\app\webroot\index.php(92): Dispatcher->dispatch(Object(CakeRequest), Object(CakeResponse))
#1 {main}
2012-05-22 16:58:51 Error: [MissingControllerException] Controller class ProductosController could not be found.
#0 C:\David\xampp\htdocs\WEB-PAN-PHP\app\webroot\index.php(92): Dispatcher->dispatch(Object(CakeRequest), Object(CakeResponse))
#1 {main}
2012-05-22 16:58:53 Error: [MissingControllerException] Controller class ProductosController could not be found.
#0 C:\David\xampp\htdocs\WEB-PAN-PHP\app\webroot\index.php(92): Dispatcher->dispatch(Object(CakeRequest), Object(CakeResponse))
#1 {main}
2012-05-22 16:58:58 Error: [MissingControllerException] Controller class ProductosController could not be found.
#0 C:\David\xampp\htdocs\WEB-PAN-PHP\app\webroot\index.php(92): Dispatcher->dispatch(Object(CakeRequest), Object(CakeResponse))
#1 {main}
2012-05-22 16:59:13 Error: [MissingControllerException] Controller class ProductosController could not be found.
#0 C:\David\xampp\htdocs\WEB-PAN-PHP\app\webroot\index.php(92): Dispatcher->dispatch(Object(CakeRequest), Object(CakeResponse))
#1 {main}
2012-05-22 16:59:34 Error: [MissingControllerException] Controller class ProductosController could not be found.
#0 C:\David\xampp\htdocs\WEB-PAN-PHP\app\webroot\index.php(92): Dispatcher->dispatch(Object(CakeRequest), Object(CakeResponse))
#1 {main}
2012-05-22 16:59:35 Error: [MissingControllerException] Controller class ProductosController could not be found.
#0 C:\David\xampp\htdocs\WEB-PAN-PHP\app\webroot\index.php(92): Dispatcher->dispatch(Object(CakeRequest), Object(CakeResponse))
#1 {main}
2012-05-22 16:59:41 Error: [MissingControllerException] Controller class ProductosController could not be found.
#0 C:\David\xampp\htdocs\WEB-PAN-PHP\app\webroot\index.php(92): Dispatcher->dispatch(Object(CakeRequest), Object(CakeResponse))
#1 {main}
2012-05-22 17:00:13 Error: [MissingControllerException] Controller class ProductosController could not be found.
#0 C:\David\xampp\htdocs\WEB-PAN-PHP\app\webroot\index.php(92): Dispatcher->dispatch(Object(CakeRequest), Object(CakeResponse))
#1 {main}
2012-05-22 17:01:37 Error: [MissingControllerException] Controller class ProductosController could not be found.
#0 C:\David\xampp\htdocs\WEB-PAN-PHP\app\webroot\index.php(92): Dispatcher->dispatch(Object(CakeRequest), Object(CakeResponse))
#1 {main}
2012-05-22 17:01:38 Error: [MissingControllerException] Controller class ProductosController could not be found.
#0 C:\David\xampp\htdocs\WEB-PAN-PHP\app\webroot\index.php(92): Dispatcher->dispatch(Object(CakeRequest), Object(CakeResponse))
#1 {main}
2012-05-22 17:03:24 Error: [MissingControllerException] Controller class ProductosController could not be found.
#0 C:\David\xampp\htdocs\WEB-PAN-PHP\app\webroot\index.php(92): Dispatcher->dispatch(Object(CakeRequest), Object(CakeResponse))
#1 {main}
2012-05-22 17:03:25 Error: [MissingControllerException] Controller class ProductosController could not be found.
#0 C:\David\xampp\htdocs\WEB-PAN-PHP\app\webroot\index.php(92): Dispatcher->dispatch(Object(CakeRequest), Object(CakeResponse))
#1 {main}
2012-05-22 17:03:25 Error: [MissingControllerException] Controller class ProductosController could not be found.
#0 C:\David\xampp\htdocs\WEB-PAN-PHP\app\webroot\index.php(92): Dispatcher->dispatch(Object(CakeRequest), Object(CakeResponse))
#1 {main}
2012-05-22 17:04:31 Error: [MissingTableException] Table laboratorios for model Laboratorio was not found in datasource default.
#0 C:\David\xampp\htdocs\WEB-PAN-PHP\lib\Cake\Model\Model.php(3408): Model->setSource('laboratorios')
#1 C:\David\xampp\htdocs\WEB-PAN-PHP\lib\Cake\Model\Model.php(2663): Model->getDataSource()
#2 C:\David\xampp\htdocs\WEB-PAN-PHP\app\Controller\LaboratoriosController.php(6): Model->find('all')
#3 [internal function]: LaboratoriosController->index()
#4 C:\David\xampp\htdocs\WEB-PAN-PHP\lib\Cake\Controller\Controller.php(485): ReflectionMethod->invokeArgs(Object(LaboratoriosController), Array)
#5 C:\David\xampp\htdocs\WEB-PAN-PHP\lib\Cake\Routing\Dispatcher.php(103): Controller->invokeAction(Object(CakeRequest))
#6 C:\David\xampp\htdocs\WEB-PAN-PHP\lib\Cake\Routing\Dispatcher.php(85): Dispatcher->_invoke(Object(LaboratoriosController), Object(CakeRequest), Object(CakeResponse))
#7 C:\David\xampp\htdocs\WEB-PAN-PHP\app\webroot\index.php(92): Dispatcher->dispatch(Object(CakeRequest), Object(CakeResponse))
#8 {main}
2012-05-22 17:04:44 Error: [MissingTableException] Table laboratorios for model Laboratorio was not found in datasource default.
#0 C:\David\xampp\htdocs\WEB-PAN-PHP\lib\Cake\Model\Model.php(3408): Model->setSource('laboratorios')
#1 C:\David\xampp\htdocs\WEB-PAN-PHP\lib\Cake\Model\Model.php(2663): Model->getDataSource()
#2 C:\David\xampp\htdocs\WEB-PAN-PHP\app\Controller\LaboratoriosController.php(6): Model->find('all')
#3 [internal function]: LaboratoriosController->index()
#4 C:\David\xampp\htdocs\WEB-PAN-PHP\lib\Cake\Controller\Controller.php(485): ReflectionMethod->invokeArgs(Object(LaboratoriosController), Array)
#5 C:\David\xampp\htdocs\WEB-PAN-PHP\lib\Cake\Routing\Dispatcher.php(103): Controller->invokeAction(Object(CakeRequest))
#6 C:\David\xampp\htdocs\WEB-PAN-PHP\lib\Cake\Routing\Dispatcher.php(85): Dispatcher->_invoke(Object(LaboratoriosController), Object(CakeRequest), Object(CakeResponse))
#7 C:\David\xampp\htdocs\WEB-PAN-PHP\app\webroot\index.php(92): Dispatcher->dispatch(Object(CakeRequest), Object(CakeResponse))
#8 {main}
2012-05-22 17:04:46 Error: [MissingTableException] Table laboratorios for model Laboratorio was not found in datasource default.
#0 C:\David\xampp\htdocs\WEB-PAN-PHP\lib\Cake\Model\Model.php(3408): Model->setSource('laboratorios')
#1 C:\David\xampp\htdocs\WEB-PAN-PHP\lib\Cake\Model\Model.php(2663): Model->getDataSource()
#2 C:\David\xampp\htdocs\WEB-PAN-PHP\app\Controller\LaboratoriosController.php(6): Model->find('all')
#3 [internal function]: LaboratoriosController->index()
#4 C:\David\xampp\htdocs\WEB-PAN-PHP\lib\Cake\Controller\Controller.php(485): ReflectionMethod->invokeArgs(Object(LaboratoriosController), Array)
#5 C:\David\xampp\htdocs\WEB-PAN-PHP\lib\Cake\Routing\Dispatcher.php(103): Controller->invokeAction(Object(CakeRequest))
#6 C:\David\xampp\htdocs\WEB-PAN-PHP\lib\Cake\Routing\Dispatcher.php(85): Dispatcher->_invoke(Object(LaboratoriosController), Object(CakeRequest), Object(CakeResponse))
#7 C:\David\xampp\htdocs\WEB-PAN-PHP\app\webroot\index.php(92): Dispatcher->dispatch(Object(CakeRequest), Object(CakeResponse))
#8 {main}
2012-05-22 17:05:23 Error: [MissingControllerException] Controller class ProductosController could not be found.
#0 C:\David\xampp\htdocs\WEB-PAN-PHP\app\webroot\index.php(92): Dispatcher->dispatch(Object(CakeRequest), Object(CakeResponse))
#1 {main}
2012-05-22 17:05:30 Error: [MissingTableException] Table laboratorios for model Laboratorio was not found in datasource default.
#0 C:\David\xampp\htdocs\WEB-PAN-PHP\lib\Cake\Model\Model.php(3408): Model->setSource('laboratorios')
#1 C:\David\xampp\htdocs\WEB-PAN-PHP\lib\Cake\Model\Model.php(2663): Model->getDataSource()
#2 C:\David\xampp\htdocs\WEB-PAN-PHP\app\Controller\LaboratoriosController.php(6): Model->find('all')
#3 [internal function]: LaboratoriosController->index()
#4 C:\David\xampp\htdocs\WEB-PAN-PHP\lib\Cake\Controller\Controller.php(485): ReflectionMethod->invokeArgs(Object(LaboratoriosController), Array)
#5 C:\David\xampp\htdocs\WEB-PAN-PHP\lib\Cake\Routing\Dispatcher.php(103): Controller->invokeAction(Object(CakeRequest))
#6 C:\David\xampp\htdocs\WEB-PAN-PHP\lib\Cake\Routing\Dispatcher.php(85): Dispatcher->_invoke(Object(LaboratoriosController), Object(CakeRequest), Object(CakeResponse))
#7 C:\David\xampp\htdocs\WEB-PAN-PHP\app\webroot\index.php(92): Dispatcher->dispatch(Object(CakeRequest), Object(CakeResponse))
#8 {main}
2012-05-22 17:07:05 Error: [MissingTableException] Table laboratorios for model Laboratorio was not found in datasource default.
#0 C:\David\xampp\htdocs\WEB-PAN-PHP\lib\Cake\Model\Model.php(3408): Model->setSource('laboratorios')
#1 C:\David\xampp\htdocs\WEB-PAN-PHP\lib\Cake\Model\Model.php(2663): Model->getDataSource()
#2 C:\David\xampp\htdocs\WEB-PAN-PHP\app\Controller\LaboratoriosController.php(6): Model->find('all')
#3 [internal function]: LaboratoriosController->index()
#4 C:\David\xampp\htdocs\WEB-PAN-PHP\lib\Cake\Controller\Controller.php(485): ReflectionMethod->invokeArgs(Object(LaboratoriosController), Array)
#5 C:\David\xampp\htdocs\WEB-PAN-PHP\lib\Cake\Routing\Dispatcher.php(103): Controller->invokeAction(Object(CakeRequest))
#6 C:\David\xampp\htdocs\WEB-PAN-PHP\lib\Cake\Routing\Dispatcher.php(85): Dispatcher->_invoke(Object(LaboratoriosController), Object(CakeRequest), Object(CakeResponse))
#7 C:\David\xampp\htdocs\WEB-PAN-PHP\app\webroot\index.php(92): Dispatcher->dispatch(Object(CakeRequest), Object(CakeResponse))
#8 {main}
2012-05-22 17:07:07 Error: [MissingControllerException] Controller class ProductosController could not be found.
#0 C:\David\xampp\htdocs\WEB-PAN-PHP\app\webroot\index.php(92): Dispatcher->dispatch(Object(CakeRequest), Object(CakeResponse))
#1 {main}
2012-05-22 17:07:10 Error: [MissingControllerException] Controller class ProductosController could not be found.
#0 C:\David\xampp\htdocs\WEB-PAN-PHP\app\webroot\index.php(92): Dispatcher->dispatch(Object(CakeRequest), Object(CakeResponse))
#1 {main}
2012-05-22 17:07:42 Error: [MissingViewException] View file "C:\David\xampp\htdocs\WEB-PAN-PHP\app\View\Productos\index.ctp" is missing.
#0 C:\David\xampp\htdocs\WEB-PAN-PHP\lib\Cake\View\View.php(460): View->_getViewFileName(NULL)
#1 C:\David\xampp\htdocs\WEB-PAN-PHP\lib\Cake\Controller\Controller.php(959): View->render(NULL, NULL)
#2 C:\David\xampp\htdocs\WEB-PAN-PHP\lib\Cake\Routing\Dispatcher.php(110): Controller->render()
#3 C:\David\xampp\htdocs\WEB-PAN-PHP\lib\Cake\Routing\Dispatcher.php(85): Dispatcher->_invoke(Object(ProductosController), Object(CakeRequest), Object(CakeResponse))
#4 C:\David\xampp\htdocs\WEB-PAN-PHP\app\webroot\index.php(92): Dispatcher->dispatch(Object(CakeRequest), Object(CakeResponse))
#5 {main}
2012-05-22 17:07:48 Error: [MissingViewException] View file "C:\David\xampp\htdocs\WEB-PAN-PHP\app\View\Productos\index.ctp" is missing.
#0 C:\David\xampp\htdocs\WEB-PAN-PHP\lib\Cake\View\View.php(460): View->_getViewFileName(NULL)
#1 C:\David\xampp\htdocs\WEB-PAN-PHP\lib\Cake\Controller\Controller.php(959): View->render(NULL, NULL)
#2 C:\David\xampp\htdocs\WEB-PAN-PHP\lib\Cake\Routing\Dispatcher.php(110): Controller->render()
#3 C:\David\xampp\htdocs\WEB-PAN-PHP\lib\Cake\Routing\Dispatcher.php(85): Dispatcher->_invoke(Object(ProductosController), Object(CakeRequest), Object(CakeResponse))
#4 C:\David\xampp\htdocs\WEB-PAN-PHP\app\webroot\index.php(92): Dispatcher->dispatch(Object(CakeRequest), Object(CakeResponse))
#5 {main}
2012-05-22 17:07:49 Error: [MissingViewException] View file "C:\David\xampp\htdocs\WEB-PAN-PHP\app\View\Productos\index.ctp" is missing.
#0 C:\David\xampp\htdocs\WEB-PAN-PHP\lib\Cake\View\View.php(460): View->_getViewFileName(NULL)
#1 C:\David\xampp\htdocs\WEB-PAN-PHP\lib\Cake\Controller\Controller.php(959): View->render(NULL, NULL)
#2 C:\David\xampp\htdocs\WEB-PAN-PHP\lib\Cake\Routing\Dispatcher.php(110): Controller->render()
#3 C:\David\xampp\htdocs\WEB-PAN-PHP\lib\Cake\Routing\Dispatcher.php(85): Dispatcher->_invoke(Object(ProductosController), Object(CakeRequest), Object(CakeResponse))
#4 C:\David\xampp\htdocs\WEB-PAN-PHP\app\webroot\index.php(92): Dispatcher->dispatch(Object(CakeRequest), Object(CakeResponse))
#5 {main}
2012-05-22 17:07:49 Error: [MissingViewException] View file "C:\David\xampp\htdocs\WEB-PAN-PHP\app\View\Productos\index.ctp" is missing.
#0 C:\David\xampp\htdocs\WEB-PAN-PHP\lib\Cake\View\View.php(460): View->_getViewFileName(NULL)
#1 C:\David\xampp\htdocs\WEB-PAN-PHP\lib\Cake\Controller\Controller.php(959): View->render(NULL, NULL)
#2 C:\David\xampp\htdocs\WEB-PAN-PHP\lib\Cake\Routing\Dispatcher.php(110): Controller->render()
#3 C:\David\xampp\htdocs\WEB-PAN-PHP\lib\Cake\Routing\Dispatcher.php(85): Dispatcher->_invoke(Object(ProductosController), Object(CakeRequest), Object(CakeResponse))
#4 C:\David\xampp\htdocs\WEB-PAN-PHP\app\webroot\index.php(92): Dispatcher->dispatch(Object(CakeRequest), Object(CakeResponse))
#5 {main}
2012-05-22 17:07:49 Error: [MissingViewException] View file "C:\David\xampp\htdocs\WEB-PAN-PHP\app\View\Productos\index.ctp" is missing.
#0 C:\David\xampp\htdocs\WEB-PAN-PHP\lib\Cake\View\View.php(460): View->_getViewFileName(NULL)
#1 C:\David\xampp\htdocs\WEB-PAN-PHP\lib\Cake\Controller\Controller.php(959): View->render(NULL, NULL)
#2 C:\David\xampp\htdocs\WEB-PAN-PHP\lib\Cake\Routing\Dispatcher.php(110): Controller->render()
#3 C:\David\xampp\htdocs\WEB-PAN-PHP\lib\Cake\Routing\Dispatcher.php(85): Dispatcher->_invoke(Object(ProductosController), Object(CakeRequest), Object(CakeResponse))
#4 C:\David\xampp\htdocs\WEB-PAN-PHP\app\webroot\index.php(92): Dispatcher->dispatch(Object(CakeRequest), Object(CakeResponse))
#5 {main}
2012-05-22 17:07:50 Error: [MissingViewException] View file "C:\David\xampp\htdocs\WEB-PAN-PHP\app\View\Productos\index.ctp" is missing.
#0 C:\David\xampp\htdocs\WEB-PAN-PHP\lib\Cake\View\View.php(460): View->_getViewFileName(NULL)
#1 C:\David\xampp\htdocs\WEB-PAN-PHP\lib\Cake\Controller\Controller.php(959): View->render(NULL, NULL)
#2 C:\David\xampp\htdocs\WEB-PAN-PHP\lib\Cake\Routing\Dispatcher.php(110): Controller->render()
#3 C:\David\xampp\htdocs\WEB-PAN-PHP\lib\Cake\Routing\Dispatcher.php(85): Dispatcher->_invoke(Object(ProductosController), Object(CakeRequest), Object(CakeResponse))
#4 C:\David\xampp\htdocs\WEB-PAN-PHP\app\webroot\index.php(92): Dispatcher->dispatch(Object(CakeRequest), Object(CakeResponse))
#5 {main}
2012-05-22 17:08:19 Error: [MissingControllerException] Controller class ProductosController could not be found.
#0 C:\David\xampp\htdocs\WEB-PAN-PHP\app\webroot\index.php(92): Dispatcher->dispatch(Object(CakeRequest), Object(CakeResponse))
#1 {main}
2012-05-22 17:08:20 Error: [MissingControllerException] Controller class ProductosController could not be found.
#0 C:\David\xampp\htdocs\WEB-PAN-PHP\app\webroot\index.php(92): Dispatcher->dispatch(Object(CakeRequest), Object(CakeResponse))
#1 {main}
2012-05-22 17:08:20 Error: [MissingControllerException] Controller class ProductosController could not be found.
#0 C:\David\xampp\htdocs\WEB-PAN-PHP\app\webroot\index.php(92): Dispatcher->dispatch(Object(CakeRequest), Object(CakeResponse))
#1 {main}
2012-05-22 17:08:20 Error: [MissingControllerException] Controller class ProductosController could not be found.
#0 C:\David\xampp\htdocs\WEB-PAN-PHP\app\webroot\index.php(92): Dispatcher->dispatch(Object(CakeRequest), Object(CakeResponse))
#1 {main}
2012-05-22 17:08:20 Error: [MissingControllerException] Controller class ProductosController could not be found.
#0 C:\David\xampp\htdocs\WEB-PAN-PHP\app\webroot\index.php(92): Dispatcher->dispatch(Object(CakeRequest), Object(CakeResponse))
#1 {main}
2012-05-22 17:12:57 Error: [MissingControllerException] Controller class ProductosController could not be found.
#0 C:\David\xampp\htdocs\WEB-PAN-PHP\app\webroot\index.php(92): Dispatcher->dispatch(Object(CakeRequest), Object(CakeResponse))
#1 {main}
2012-05-22 17:12:57 Error: [MissingControllerException] Controller class ProductosController could not be found.
#0 C:\David\xampp\htdocs\WEB-PAN-PHP\app\webroot\index.php(92): Dispatcher->dispatch(Object(CakeRequest), Object(CakeResponse))
#1 {main}
2012-05-22 17:17:08 Error: [MissingControllerException] Controller class ProductosController could not be found.
#0 C:\David\xampp\htdocs\WEB-PAN-PHP\app\webroot\index.php(92): Dispatcher->dispatch(Object(CakeRequest), Object(CakeResponse))
#1 {main}
2012-05-22 17:19:47 Error: [MissingTableException] Table laboratorios for model Laboratorio was not found in datasource default.
#0 C:\David\xampp\htdocs\WEB-PAN-PHP\lib\Cake\Model\Model.php(3408): Model->setSource('laboratorios')
#1 C:\David\xampp\htdocs\WEB-PAN-PHP\lib\Cake\Model\Model.php(2663): Model->getDataSource()
#2 C:\David\xampp\htdocs\WEB-PAN-PHP\app\Controller\LaboratoriosController.php(6): Model->find('all')
#3 [internal function]: LaboratoriosController->index()
#4 C:\David\xampp\htdocs\WEB-PAN-PHP\lib\Cake\Controller\Controller.php(485): ReflectionMethod->invokeArgs(Object(LaboratoriosController), Array)
#5 C:\David\xampp\htdocs\WEB-PAN-PHP\lib\Cake\Routing\Dispatcher.php(103): Controller->invokeAction(Object(CakeRequest))
#6 C:\David\xampp\htdocs\WEB-PAN-PHP\lib\Cake\Routing\Dispatcher.php(85): Dispatcher->_invoke(Object(LaboratoriosController), Object(CakeRequest), Object(CakeResponse))
#7 C:\David\xampp\htdocs\WEB-PAN-PHP\app\webroot\index.php(92): Dispatcher->dispatch(Object(CakeRequest), Object(CakeResponse))
#8 {main}
2012-05-22 17:20:18 Error: [MissingTableException] Table laboratorios for model Laboratorio was not found in datasource default.
#0 C:\David\xampp\htdocs\WEB-PAN-PHP\lib\Cake\Model\Model.php(3408): Model->setSource('laboratorios')
#1 C:\David\xampp\htdocs\WEB-PAN-PHP\lib\Cake\Model\Model.php(2663): Model->getDataSource()
#2 C:\David\xampp\htdocs\WEB-PAN-PHP\app\Controller\LaboratoriosController.php(6): Model->find('all')
#3 [internal function]: LaboratoriosController->index()
#4 C:\David\xampp\htdocs\WEB-PAN-PHP\lib\Cake\Controller\Controller.php(485): ReflectionMethod->invokeArgs(Object(LaboratoriosController), Array)
#5 C:\David\xampp\htdocs\WEB-PAN-PHP\lib\Cake\Routing\Dispatcher.php(103): Controller->invokeAction(Object(CakeRequest))
#6 C:\David\xampp\htdocs\WEB-PAN-PHP\lib\Cake\Routing\Dispatcher.php(85): Dispatcher->_invoke(Object(LaboratoriosController), Object(CakeRequest), Object(CakeResponse))
#7 C:\David\xampp\htdocs\WEB-PAN-PHP\app\webroot\index.php(92): Dispatcher->dispatch(Object(CakeRequest), Object(CakeResponse))
#8 {main}
2012-05-22 17:22:33 Error: [MissingTableException] Table laboratorios for model Laboratorio was not found in datasource default.
#0 C:\David\xampp\htdocs\WEB-PAN-PHP\lib\Cake\Model\Model.php(3408): Model->setSource('laboratorios')
#1 C:\David\xampp\htdocs\WEB-PAN-PHP\lib\Cake\Model\Model.php(2663): Model->getDataSource()
#2 C:\David\xampp\htdocs\WEB-PAN-PHP\app\Controller\LaboratoriosController.php(6): Model->find('all')
#3 [internal function]: LaboratoriosController->index()
#4 C:\David\xampp\htdocs\WEB-PAN-PHP\lib\Cake\Controller\Controller.php(485): ReflectionMethod->invokeArgs(Object(LaboratoriosController), Array)
#5 C:\David\xampp\htdocs\WEB-PAN-PHP\lib\Cake\Routing\Dispatcher.php(103): Controller->invokeAction(Object(CakeRequest))
#6 C:\David\xampp\htdocs\WEB-PAN-PHP\lib\Cake\Routing\Dispatcher.php(85): Dispatcher->_invoke(Object(LaboratoriosController), Object(CakeRequest), Object(CakeResponse))
#7 C:\David\xampp\htdocs\WEB-PAN-PHP\app\webroot\index.php(92): Dispatcher->dispatch(Object(CakeRequest), Object(CakeResponse))
#8 {main}
2012-05-22 17:26:12 Error: [MissingViewException] View file "C:\David\xampp\htdocs\WEB-PAN-PHP\app\View\Laboratorios\empresa.ctp" is missing.
#0 C:\David\xampp\htdocs\WEB-PAN-PHP\lib\Cake\View\View.php(460): View->_getViewFileName(NULL)
#1 C:\David\xampp\htdocs\WEB-PAN-PHP\lib\Cake\Controller\Controller.php(959): View->render(NULL, NULL)
#2 C:\David\xampp\htdocs\WEB-PAN-PHP\lib\Cake\Routing\Dispatcher.php(110): Controller->render()
#3 C:\David\xampp\htdocs\WEB-PAN-PHP\lib\Cake\Routing\Dispatcher.php(85): Dispatcher->_invoke(Object(LaboratoriosController), Object(CakeRequest), Object(CakeResponse))
#4 C:\David\xampp\htdocs\WEB-PAN-PHP\app\webroot\index.php(92): Dispatcher->dispatch(Object(CakeRequest), Object(CakeResponse))
#5 {main}
2012-05-22 17:26:18 Error: [MissingViewException] View file "C:\David\xampp\htdocs\WEB-PAN-PHP\app\View\Laboratorios\empresa.ctp" is missing.
#0 C:\David\xampp\htdocs\WEB-PAN-PHP\lib\Cake\View\View.php(460): View->_getViewFileName(NULL)
#1 C:\David\xampp\htdocs\WEB-PAN-PHP\lib\Cake\Controller\Controller.php(959): View->render(NULL, NULL)
#2 C:\David\xampp\htdocs\WEB-PAN-PHP\lib\Cake\Routing\Dispatcher.php(110): Controller->render()
#3 C:\David\xampp\htdocs\WEB-PAN-PHP\lib\Cake\Routing\Dispatcher.php(85): Dispatcher->_invoke(Object(LaboratoriosController), Object(CakeRequest), Object(CakeResponse))
#4 C:\David\xampp\htdocs\WEB-PAN-PHP\app\webroot\index.php(92): Dispatcher->dispatch(Object(CakeRequest), Object(CakeResponse))
#5 {main}
2012-05-22 17:26:18 Error: [MissingViewException] View file "C:\David\xampp\htdocs\WEB-PAN-PHP\app\View\Laboratorios\empresa.ctp" is missing.
#0 C:\David\xampp\htdocs\WEB-PAN-PHP\lib\Cake\View\View.php(460): View->_getViewFileName(NULL)
#1 C:\David\xampp\htdocs\WEB-PAN-PHP\lib\Cake\Controller\Controller.php(959): View->render(NULL, NULL)
#2 C:\David\xampp\htdocs\WEB-PAN-PHP\lib\Cake\Routing\Dispatcher.php(110): Controller->render()
#3 C:\David\xampp\htdocs\WEB-PAN-PHP\lib\Cake\Routing\Dispatcher.php(85): Dispatcher->_invoke(Object(LaboratoriosController), Object(CakeRequest), Object(CakeResponse))
#4 C:\David\xampp\htdocs\WEB-PAN-PHP\app\webroot\index.php(92): Dispatcher->dispatch(Object(CakeRequest), Object(CakeResponse))
#5 {main}
2012-05-22 17:26:56 Error: [MissingControllerException] Controller class LaboratoriosController could not be found.
#0 C:\David\xampp\htdocs\WEB-PAN-PHP\app\webroot\index.php(92): Dispatcher->dispatch(Object(CakeRequest), Object(CakeResponse))
#1 {main}
2012-05-22 17:27:01 Error: [MissingControllerException] Controller class LaboratoriosController could not be found.
#0 C:\David\xampp\htdocs\WEB-PAN-PHP\app\webroot\index.php(92): Dispatcher->dispatch(Object(CakeRequest), Object(CakeResponse))
#1 {main}
2012-05-22 17:27:20 Error: [MissingControllerException] Controller class EmpresaController could not be found.
#0 C:\David\xampp\htdocs\WEB-PAN-PHP\app\webroot\index.php(92): Dispatcher->dispatch(Object(CakeRequest), Object(CakeResponse))
#1 {main}
